---------------------------- 软件包 com.huang1057.rskymusicassistant 的进程已开始(32445) ----------------------------
2025-07-27 15:17:24.201 32445-32445 Perf                    com.huang1057.rskymusicassistant     I  Connecting to perf service.
2025-07-27 15:17:24.326 32445-32445 FeatureParser           com.huang1057.rskymusicassistant     I  can't find violet.xml in assets/device_features/,it may be in /system/etc/device_features
2025-07-27 15:17:24.332 32445-32445 ymusicassistant         com.huang1057.rskymusicassistant     W  type=1400 audit(0.0:1570749): avc: denied { read } for name="u:object_r:vendor_default_prop:s0" dev="tmpfs" ino=13040 scontext=u:r:untrusted_app:s0:c31,c257,c512,c768 tcontext=u:object_r:vendor_default_prop:s0 tclass=file permissive=0
2025-07-27 15:17:24.339 32445-32445 libc                    com.huang1057.rskymusicassistant     E  Access denied finding property "ro.vendor.df.effect.conflict"
2025-07-27 15:17:24.352 32445-32445 Looper                  com.huang1057.rskymusicassistant     W  Slow Looper main: Long Msg: seq=2 plan=15:17:22.751  late=1ms wall=1593ms running=1459ms runnable=26ms io=19ms h=android.app.ActivityThread$H w=110
2025-07-27 15:17:24.358 32445-32564 Perf                    com.huang1057.rskymusicassistant     E  Fail to get file list com.huang1057.rskymusicassistant
2025-07-27 15:17:24.358 32445-32564 Perf                    com.huang1057.rskymusicassistant     E  getFolderSize() : Exception_1 = java.lang.NullPointerException: Attempt to get length of null array
2025-07-27 15:17:24.358 32445-32564 Perf                    com.huang1057.rskymusicassistant     E  Fail to get file list com.huang1057.rskymusicassistant
2025-07-27 15:17:24.358 32445-32564 Perf                    com.huang1057.rskymusicassistant     E  getFolderSize() : Exception_1 = java.lang.NullPointerException: Attempt to get length of null array
2025-07-27 15:17:24.422 32445-32445 Binder:intercep         com.huang1057.rskymusicassistant     W  type=1400 audit(0.0:1570750): avc: denied { getattr } for path="/data/data/com.miui.contentcatcher" dev="mmcblk0p87" ino=5192 scontext=u:r:untrusted_app:s0:c31,c257,c512,c768 tcontext=u:object_r:system_app_data_file:s0 tclass=dir permissive=0
2025-07-27 15:17:24.432 32445-32445 Binder:intercep         com.huang1057.rskymusicassistant     W  type=1400 audit(0.0:1570752): avc: denied { getattr } for path="/data/data/com.miui.contentcatcher" dev="mmcblk0p87" ino=5192 scontext=u:r:untrusted_app:s0:c31,c257,c512,c768 tcontext=u:object_r:system_app_data_file:s0 tclass=dir permissive=0
2025-07-27 15:17:24.456 32445-32569 ymusicassistan          com.huang1057.rskymusicassistant     W  Accessing hidden method Lmiui/contentcatcher/sdk/Token;-><init>(Ljava/lang/String;Ljava/lang/String;Ljava/lang/String;I)V (greylist, linking, allowed)
2025-07-27 15:17:24.457 32445-32569 ymusicassistan          com.huang1057.rskymusicassistant     W  Accessing hidden method Lmiui/contentcatcher/InterceptorProxy;->getWorkThread()Landroid/os/HandlerThread; (greylist, linking, allowed)
2025-07-27 15:17:24.457 32445-32569 ViewContentFactory      com.huang1057.rskymusicassistant     D  initViewContentFetcherClass
2025-07-27 15:17:24.457 32445-32569 ViewContentFactory      com.huang1057.rskymusicassistant     D  getInterceptorPackageInfo
2025-07-27 15:17:24.457 32445-32569 ymusicassistan          com.huang1057.rskymusicassistant     W  Accessing hidden method Landroid/app/AppGlobals;->getInitialApplication()Landroid/app/Application; (greylist, linking, allowed)
2025-07-27 15:17:24.458 32445-32569 ViewContentFactory      com.huang1057.rskymusicassistant     D  getInitialApplication took 0ms
2025-07-27 15:17:24.458 32445-32569 ViewContentFactory      com.huang1057.rskymusicassistant     D  packageInfo.packageName: com.miui.catcherpatch
2025-07-27 15:17:24.467 32445-32569 ViewContentFactory      com.huang1057.rskymusicassistant     D  initViewContentFetcherClass took 9ms
2025-07-27 15:17:24.467 32445-32569 ContentCatcher          com.huang1057.rskymusicassistant     I  ViewContentFetcher : ViewContentFetcher
2025-07-27 15:17:24.467 32445-32569 ViewContentFactory      com.huang1057.rskymusicassistant     D  createInterceptor took 11ms
2025-07-27 15:17:24.467 32445-32569 ymusicassistan          com.huang1057.rskymusicassistant     W  Accessing hidden method Lmiui/contentcatcher/sdk/ContentCatcherManager;->getInstance()Lmiui/contentcatcher/sdk/ContentCatcherManager; (greylist, linking, allowed)
2025-07-27 15:17:24.468 32445-32569 ymusicassistan          com.huang1057.rskymusicassistant     W  Accessing hidden method Lmiui/contentcatcher/sdk/ContentCatcherManager;->registerContentInjector(Lmiui/contentcatcher/sdk/Token;Lmiui/contentcatcher/sdk/injector/IContentDecorateCallback;)V (greylist, linking, allowed)
2025-07-27 15:17:24.469 32445-32569 ymusicassistan          com.huang1057.rskymusicassistant     W  Accessing hidden method Lmiui/contentcatcher/sdk/ContentCatcherManager;->getPageConfig(Lmiui/contentcatcher/sdk/Token;)Lmiui/contentcatcher/sdk/data/PageConfig; (greylist, linking, allowed)
2025-07-27 15:17:24.470 32445-32569 ymusicassistan          com.huang1057.rskymusicassistant     W  Accessing hidden method Lmiui/contentcatcher/sdk/data/PageConfig;->getFeatures()Ljava/util/ArrayList; (greylist, linking, allowed)
2025-07-27 15:17:24.470 32445-32569 ymusicassistan          com.huang1057.rskymusicassistant     W  Accessing hidden method Lmiui/contentcatcher/sdk/data/PageConfig;->getCatchers()Ljava/util/ArrayList; (greylist, linking, allowed)
2025-07-27 15:17:24.478 32445-32445 ymusicassistan          com.huang1057.rskymusicassistant     E  Invalid ID 0x00000000.
2025-07-27 15:17:24.493 32445-32445 ForceDarkHelper         com.huang1057.rskymusicassistant     D  updateByCheckExcludeList: pkg: com.huang1057.rskymusicassistant activity: com.huang1057.rskymusicassistant.MainActivity@46c9688
2025-07-27 15:17:24.495 32445-32445 chatty                  com.huang1057.rskymusicassistant     I  uid=10287(com.huang1057.rskymusicassistant) identical 1 line
2025-07-27 15:17:24.501 32445-32445 ForceDarkHelper         com.huang1057.rskymusicassistant     D  updateByCheckExcludeList: pkg: com.huang1057.rskymusicassistant activity: com.huang1057.rskymusicassistant.MainActivity@46c9688
2025-07-27 15:17:24.555 32445-32445 Looper                  com.huang1057.rskymusicassistant     W  Slow Looper main: Activity com.huang1057.rskymusicassistant/.MainActivity is 1600ms late (wall=202ms running=162ms ClientTransaction{ callbacks=[android.app.servertransaction.LaunchActivityItem] lifecycleRequest=android.app.servertransaction.ResumeActivityItem }) because of 2 msg, msg 2 took 1593ms (seq=2 running=1459ms runnable=26ms io=19ms late=1ms h=android.app.ActivityThread$H w=110)
2025-07-27 15:17:24.555 32445-32445 Looper                  com.huang1057.rskymusicassistant     W  Slow Looper main: Activity com.huang1057.rskymusicassistant/.MainActivity is 1799ms late (wall=0ms running=0ms ClientTransaction{ callbacks=[android.app.servertransaction.TopResumedActivityChangeItem] }) because of 2 msg, msg 1 took 1593ms (seq=2 running=1459ms runnable=26ms io=19ms late=1ms h=android.app.ActivityThread$H w=110), msg 2 took 202ms (seq=3 running=162ms runnable=14ms io=3ms late=1600ms h=android.app.ActivityThread$H w=159)
2025-07-27 15:17:24.677 32445-32445 ForceDarkHelper         com.huang1057.rskymusicassistant     D  updateByCheckExcludeList: pkg: com.huang1057.rskymusicassistant activity: com.huang1057.rskymusicassistant.MainActivity@46c9688
2025-07-27 15:17:24.960 32445-32445 ymusicassistan          com.huang1057.rskymusicassistant     W  Accessing hidden method Landroid/view/View;->getViewRootImpl()Landroid/view/ViewRootImpl; (greylist, reflection, allowed)
2025-07-27 15:17:24.960 32445-32445 ymusicassistan          com.huang1057.rskymusicassistant     W  Accessing hidden field Landroid/view/View$AttachInfo;->mVisibleInsets:Landroid/graphics/Rect; (greylist, reflection, allowed)
2025-07-27 15:17:24.960 32445-32445 ymusicassistan          com.huang1057.rskymusicassistant     W  Accessing hidden field Landroid/view/ViewRootImpl;->mAttachInfo:Landroid/view/View$AttachInfo; (greylist, reflection, allowed)
2025-07-27 15:17:25.257 32445-32566 AdrenoGLES              com.huang1057.rskymusicassistant     I  QUALCOMM build                   : af4b174, I386ada412e
                                                                                                    Build Date                       : 09/10/20
                                                                                                    OpenGL ES Shader Compiler Version: EV031.27.05.01
                                                                                                    Local Branch                     : 
                                                                                                    Remote Branch                    : refs/tags/AU_LINUX_ANDROID_LA.UM.8.9.R1.10.00.00.558.044
                                                                                                    Remote Branch                    : NONE
                                                                                                    Reconstruct Branch               : NOTHING
2025-07-27 15:17:25.257 32445-32566 AdrenoGLES              com.huang1057.rskymusicassistant     I  Build Config                     : S P 8.0.11 AArch64
2025-07-27 15:17:25.274 32445-32566 AdrenoGLES              com.huang1057.rskymusicassistant     I  PFP: 0x016ee187, ME: 0x00000000
2025-07-27 15:17:25.290 32445-32566 AdrenoUtils             com.huang1057.rskymusicassistant     W  <ReadGpuID_from_sysfs:194>: Failed to open /sys/class/kgsl/kgsl-3d0/gpu_model
2025-07-27 15:17:25.291 32445-32566 AdrenoUtils             com.huang1057.rskymusicassistant     W  <ReadGpuID:218>: Failed to read chip ID from gpu_model. Fallback to use the GSL path
2025-07-27 15:17:25.371 32445-32566 Gralloc3                com.huang1057.rskymusicassistant     W  mapper 3.x is not supported
2025-07-27 15:17:25.482 32445-32566 OpenGLRenderer          com.huang1057.rskymusicassistant     I  Davey! duration=1231ms; Flags=1, IntendedVsync=312445746727433, Vsync=312446046727421, OldestInputEvent=9223372036854775807, NewestInputEvent=0, HandleInputStart=312446052941591, AnimationStart=312446052992476, PerformTraversalsStart=312446053166330, DrawStart=312446840861538, SyncQueued=312446865980497, SyncStart=312446866409090, IssueDrawCommandsStart=312446866498153, SwapBuffers=312446977610965, FrameCompleted=312446978745653, DequeueBufferDuration=115000, QueueBufferDuration=718000, 
2025-07-27 15:17:25.483 32445-32445 Looper                  com.huang1057.rskymusicassistant     W  Slow Looper main: doFrame is 306ms late because of 6 msg, msg 1 took 1593ms (seq=2 running=1459ms runnable=26ms io=19ms late=1ms h=android.app.ActivityThread$H w=110), msg 2 took 202ms (seq=3 running=162ms runnable=14ms io=3ms late=1600ms h=android.app.ActivityThread$H w=159)
2025-07-27 15:17:25.492 32445-32445 ForceDarkHelper         com.huang1057.rskymusicassistant     D  updateByCheckExcludeList: pkg: com.huang1057.rskymusicassistant activity: com.huang1057.rskymusicassistant.MainActivity@46c9688
2025-07-27 15:17:25.534 32445-32445 Choreographer           com.huang1057.rskymusicassistant     I  Skipped 53 frames!  The application may be doing too much work on its main thread.
2025-07-27 15:17:25.539 32445-32445 Looper                  com.huang1057.rskymusicassistant     W  Slow Looper main: doFrame is 885ms late because of 5 msg, msg 1 took 928ms (seq=8 running=613ms runnable=10ms io=86ms late=306ms h=android.view.Choreographer$FrameHandler c=android.view.Choreographer$FrameDisplayEventReceiver)
2025-07-27 15:17:25.541 32445-32566 OpenGLRenderer          com.huang1057.rskymusicassistant     I  Davey! duration=891ms; Flags=0, IntendedVsync=312446146826996, Vsync=312447030160294, OldestInputEvent=9223372036854775807, NewestInputEvent=0, HandleInputStart=312447031442528, AnimationStart=312447031492945, PerformTraversalsStart=312447031495913, DrawStart=312447034019142, SyncQueued=312447035225549, SyncStart=312447035750028, IssueDrawCommandsStart=312447035817267, SwapBuffers=312447036958622, FrameCompleted=312447038445392, DequeueBufferDuration=112000, QueueBufferDuration=1159000, 
2025-07-27 15:17:26.702 32445-32445 ForceDarkHelper         com.huang1057.rskymusicassistant     D  updateByCheckExcludeList: pkg: com.huang1057.rskymusicassistant activity: com.huang1057.rskymusicassistant.MainActivity@46c9688
2025-07-27 15:17:26.707 32445-32445 ForceDarkHelper         com.huang1057.rskymusicassistant     D  updateByCheckExcludeList: pkg: com.huang1057.rskymusicassistant activity: com.huang1057.rskymusicassistant.MainActivity@46c9688
2025-07-27 15:17:26.797 32445-32445 ymusicassistan          com.huang1057.rskymusicassistant     E  Invalid ID 0x00000000.
2025-07-27 15:17:26.852 32445-32445 AndroidRuntime          com.huang1057.rskymusicassistant     D  Shutting down VM
2025-07-27 15:17:26.860 32445-32445 AndroidRuntime          com.huang1057.rskymusicassistant     E  FATAL EXCEPTION: main
                                                                                                    Process: com.huang1057.rskymusicassistant, PID: 32445
                                                                                                    java.lang.IllegalStateException: ViewTreeLifecycleOwner not found from androidx.compose.ui.platform.ComposeView{b3c95e4 V.E...... ......I. 0,0-0,0}
                                                                                                    	at androidx.compose.ui.internal.InlineClassHelperKt.throwIllegalStateExceptionForNullCheck(InlineClassHelper.kt:30)
                                                                                                    	at androidx.compose.ui.platform.WindowRecomposer_androidKt.createLifecycleAwareWindowRecomposer(WindowRecomposer.android.kt:466)
                                                                                                    	at androidx.compose.ui.platform.WindowRecomposer_androidKt.createLifecycleAwareWindowRecomposer$default(WindowRecomposer.android.kt:327)
                                                                                                    	at androidx.compose.ui.platform.WindowRecomposerFactory$Companion.LifecycleAware$lambda$0(WindowRecomposer.android.kt:170)
                                                                                                    	at androidx.compose.ui.platform.WindowRecomposerFactory$Companion.$r8$lambda$FWAPLXs0qWMqekhMr83xkKattCY(Unknown Source:0)
                                                                                                    	at androidx.compose.ui.platform.WindowRecomposerFactory$Companion$$ExternalSyntheticLambda0.createRecomposer(D8$$SyntheticClass:0)
                                                                                                    	at androidx.compose.ui.platform.WindowRecomposerPolicy.createAndInstallWindowRecomposer$ui_release(WindowRecomposer.android.kt:226)
                                                                                                    	at androidx.compose.ui.platform.WindowRecomposer_androidKt.getWindowRecomposer(WindowRecomposer.android.kt:302)
                                                                                                    	at androidx.compose.ui.platform.AbstractComposeView.resolveParentCompositionContext(ComposeView.android.kt:251)
                                                                                                    	at androidx.compose.ui.platform.AbstractComposeView.ensureCompositionCreated(ComposeView.android.kt:258)
                                                                                                    	at androidx.compose.ui.platform.AbstractComposeView.onAttachedToWindow(ComposeView.android.kt:290)
                                                                                                    	at android.view.View.dispatchAttachedToWindow(View.java:19670)
                                                                                                    	at android.view.ViewGroup.dispatchAttachedToWindow(ViewGroup.java:3458)
                                                                                                    	at android.view.ViewRootImpl.performTraversals(ViewRootImpl.java:2109)
                                                                                                    	at android.view.ViewRootImpl.doTraversal(ViewRootImpl.java:1800)
                                                                                                    	at android.view.ViewRootImpl$TraversalRunnable.run(ViewRootImpl.java:7762)
                                                                                                    	at android.view.Choreographer$CallbackRecord.run(Choreographer.java:1031)
                                                                                                    	at android.view.Choreographer.doCallbacks(Choreographer.java:854)
                                                                                                    	at android.view.Choreographer.doFrame(Choreographer.java:789)
                                                                                                    	at android.view.Choreographer$FrameDisplayEventReceiver.run(Choreographer.java:1016)
                                                                                                    	at android.os.Handler.handleCallback(Handler.java:883)
                                                                                                    	at android.os.Handler.dispatchMessage(Handler.java:100)
                                                                                                    	at android.os.Looper.loop(Looper.java:224)
                                                                                                    	at android.app.ActivityThread.main(ActivityThread.java:7592)
                                                                                                    	at java.lang.reflect.Method.invoke(Native Method)
                                                                                                    	at com.android.internal.os.RuntimeInit$MethodAndArgsCaller.run(RuntimeInit.java:539)
                                                                                                    	at com.android.internal.os.ZygoteInit.main(ZygoteInit.java:950)
2025-07-27 15:17:26.885 32445-32445 Process                 com.huang1057.rskymusicassistant     I  Sending signal. PID: 32445 SIG: 9
2025-07-27 15:17:26.917  1810-2081  InputDispatcher         system_server                        E  channel '59ea521 com.huang1057.rskymusicassistant (server)' ~ Channel is unrecoverably broken and will be disposed!
2025-07-27 15:17:26.923  1810-2081  InputDispatcher         system_server                        E  channel '2b9fa1f com.huang1057.rskymusicassistant/com.huang1057.rskymusicassistant.MainActivity (server)' ~ Channel is unrecoverably broken and will be disposed!
---------------------------- 软件包 com.huang1057.rskymusicassistant 的进程已结束(32445) ----------------------------
